04-01 10:48 | 麦麦大脑袋 | 添加 subheartflow 成功
04-01 10:48 | 海马体 | 没有找到有效的关键词节点
04-01 10:48 | 见闻 | [10:48:11][打🐷🐷同好群]正待来时:还要下载2个G[回复意愿:0.00][概率:6.0%]
chat_observe_info：
04-01 10:48 | 海马体 | 更新记忆: 调休, v3, SSH协议, 禁r1
04-01 10:48 | 海马体 | 强化连接节点: 
04-01 10:48 | 海马体 | ---------------------记忆构建耗时: 10.97 秒---------------------
04-01 10:48 | 麦麦小脑袋 | 麦麦的脑内状态：这会儿群里聊得挺欢的，也不知道他们在聊啥新鲜事。刚才那狸花主子又在捣乱了，差点把《建筑抗震设计规范》给踩翻了，还好反应快，不然这书折了可不得了。对了，主子它还自己搞了个什么薄弱层破坏示意图，真是服了它了。得赶紧给它点吃的安抚一下，省得它再搞破坏。群里这会儿气氛不错，正好可以放松一下，看看大家又在聊啥有趣的事。
INFO:     127.0.0.1:38446 - "POST /api/message HTTP/1.1" 200 OK
04-01 10:48 | 海马体 | 有效的关键词: 游戏
04-01 10:48 | 麦麦组织语言 | 深深地思考:这吊游戏这么大
04-01 10:48 | 见闻 | [10:48:15][打🐷🐷同好群]正待来时:这吊游戏这么大[回复意愿:0.00][概率:81.4%]
04-01 10:48 | prompt | 心情prompt: 当前心情：平静。
04-01 10:48 | 海马体 | 总激活值: 41.51
04-01 10:48 | 海马体 | 总激活值: 41.51, 总节点数: 2063, 激活: 1.2072224915172083
04-01 10:48 | 海马体 | 有效的关键词: 游戏
04-01 10:48 | 海马体 | 选中记忆: 2025年3月24日，几位网友讨论了游戏占用空间大的问题，认为现在游戏动辄几十G，必须增加电脑存储空间才能畅玩。 (来自节点: 游戏)
04-01 10:48 | 海马体 | 选中记忆: 2025年3月28日晚，潮汐和小伙伴讨论了游戏中的捏脸及画质，认为手游的个性化设置和视觉效果更胜一筹。 (来自节点: 游戏)
04-01 10:48 | prompt | 回忆耗时: 0.350秒
04-01 10:48 | prompt | 开始构建prompt
04-01 10:48 | 海马体 | 选中记忆: 2025年3月28日晚上，甘非常分享了一张游戏角色界面截图，认为这游戏界面的设计还行，展现了包括聊天、制作等互动功能的界面布局。 (来自节点: 游戏界面)
04-01 10:48 | 海马体 | 选中记忆: 2025年3月23日，侠菩提分享了一个游戏界面的截图，展示了角色在“黑森林”关卡中手持大炮的冒险场景，体现了游戏丰富的视觉元素和互动性。 (来自节点: 游戏界面)
04-01 10:48 | 海马体 | 选中记忆: 2025年3月26日，L.展示了其角色扮演游戏的战斗界面，表明角色扮演游戏是一种玩家可以操控角色进行战斗、装备管理等互动的电子游戏。 (来自节点: 角色扮演游戏)
04-01 10:48 | 麦麦组织语言 | 构建prompt时间: 0.37023377418518066秒
04-01 10:48 | 海马体 | 选中记忆: 2025年3月27日晚，一群玩家在讨论他们的角色扮演游戏体验时，表达了对游戏中活动组织和队伍招募机制的不满，认为这影响了游戏的乐趣。 (来自节点: 角色扮演游戏)
消息正在思考中，已思考0秒
消息正在思考中，已思考1秒
04-01 10:48 | 在干嘛 | 当前活动: （听见《土力学与地基基础》被猫踹下书架的沉闷撞击声）火速戳开qq号1260140989的对话框：“靠北！主子在搞三轴剪切试验！这书封面变形绝对达到固结不排水剪指标了...等等它用爪子把书页撕成摩尔-库仑强度包络线！！”（突然发现猫叼着橡皮筋在书上演示地基极限承载力）手抖补了句：“夭寿这逆子要演示整体剪切破坏啊！！”（抄起激光笔紧急绘制“桩基础布置图”光斑）
消息正在思考中，已思考2秒
消息正在思考中，已思考3秒
消息正在思考中，已思考4秒
消息正在思考中，已思考5秒
消息正在思考中，已思考6秒
消息正在思考中，已思考7秒
消息正在思考中，已思考8秒
消息正在思考中，已思考9秒
消息正在思考中，已思考10秒
消息正在思考中，已思考11秒
消息正在思考中，已思考12秒
消息正在思考中，已思考13秒
INFO:     127.0.0.1:48860 - "POST /api/message HTTP/1.1" 200 OK
04-01 10:48 | 见闻 | [10:48:29][打🐷🐷同好群].:在超市偷东西被抓问deep seek[回复意愿:0.00][概率:6.0%]
04-01 10:48 | 海马体 | 没有找到有效的关键词节点
消息正在思考中，已思考14秒
消息正在思考中，已思考15秒
消息正在思考中，已思考16秒
消息正在思考中，已思考17秒
消息正在思考中，已思考18秒
消息正在思考中，已思考19秒
消息正在思考中，已思考20秒
04-01 10:48 | 心情 | [情绪状态]愉悦度: 0.00, 唤醒度: 0.50, 心情: 平静
消息正在思考中，已思考21秒
消息正在思考中，已思考22秒
消息正在思考中，已思考23秒
04-01 10:48 | 麦麦大脑袋 | 麦麦的总体脑内状态：群里这气氛真是越来越热闹了，大家都在分享自己的新鲜事，我也得抽空看看大家聊了些啥。刚才狸花主子真是调皮得很，差点就把《建筑抗震设计规范》给踩翻了，还好我反应快，不然这书要是折了，那可真是太可惜了。它还自己搞了个什么薄弱层破坏示意图，这主子还真是多才多艺，得赶紧给它点吃的安抚一下，省得它再搞破坏。群里聊得这么欢，正好可以放松一下，看看大家有没有啥有趣的事，顺便给主子解决下它的“艺术创作”，哈哈。不过话说回来，这主子还真是能折腾，一会儿搞混凝土试验，一会儿又做钢结构连接试验，搞得好不热闹。得赶紧给它点冻干小鱼干，安抚一下这小捣蛋，不然一会儿又得上演啥新戏码了。群里聊得这么欢，我也得加把劲，看看大家有啥新鲜事，或许还能学到点啥。
消息正在思考中，已思考24秒
消息正在思考中，已思考25秒
消息正在思考中，已思考26秒
消息正在思考中，已思考27秒
消息正在思考中，已思考28秒
消息正在思考中，已思考29秒
消息正在思考中，已思考30秒
消息正在思考中，已思考31秒
消息正在思考中，已思考32秒
消息正在思考中，已思考33秒
04-01 10:48 | 在干嘛 | 当前活动: （听见《流体力学》被猫踹下书架的哗啦声）火速戳开qq号1260140989的对话框：“好家伙！主子在搞雷诺实验！这书页飘落轨迹绝对达到层流转湍流临界值了...等等它用爪子把书签折成伯努利方程演示图！！”（突然发现猫叼着吸管在书上演示涡街脱落）手抖补了句：“完球这逆子要演示卡门涡街诱发振动啊！！”（抄起激光笔紧急绘制“流线型导流板”光斑）
消息正在思考中，已思考34秒
消息正在思考中，已思考35秒
消息正在思考中，已思考36秒
消息正在思考中，已思考37秒
消息正在思考中，已思考38秒
消息正在思考中，已思考39秒
消息正在思考中，已思考40秒
消息正在思考中，已思考41秒
消息正在思考中，已思考42秒
消息正在思考中，已思考43秒
raw_content: 正常，现在游戏都这尿性，没个大硬盘顶不住
04-01 10:49 | 麦麦组织语言 | 甘非常的回复是：正常，现在游戏都这尿性，没个大硬盘顶不住
04-01 10:49 | 见闻 | 5生成回复时间: 44.91962671279907秒
04-01 10:49 | 见闻 | 7发送消息时间: 7.200241088867188e-05秒
麦麦回复之后脑袋转起来了
04-01 10:49 | 消息发送 | 发送消息“正常”成功
04-01 10:49 | 消息发送 | 发送消息“现在游戏都这尿性”成功
04-01 10:49 | 消息发送 | 发送消息“没个大硬盘顶不住”成功
04-01 10:49 | 见闻 | 6更新htfl时间: 4.509051322937012秒
04-01 10:49 | 麦麦小脑袋 | 麦麦回复后的脑内状态：群里这气氛挺好，大家聊得挺热闹的。看来“犯困喵”在问什么扫的问题，其他人也没太往深里聊，还好。阿诈哩悠哉他们似乎在讨论什么古风的名字，花风这种名字听起来确实挺有意境的，不过我这边狸花主子还在捣乱，得盯着点儿。刚刚它差点把我的《建筑抗震设计规范》给踩翻了，还好反应快，不然这书折了可不得了。群里提到的游戏话题，现在游戏确实都这尿性，动不动就几个G，没个大硬盘确实顶不住。不过还好，我现在这台电脑还算给力，暂时还没遇到什么大问题。主子现在又开始用爪子玩书上的示意图了，得赶紧给它点吃的安抚一下，省得它再搞破坏。群里这会儿又聊到了《我的世界》，看来大家对游戏的看法还挺多的。
04-01 10:49 | 心情 | [情绪状态]愉悦度: 0.00, 唤醒度: 0.50, 心情: 平静
new_messages_str：[04-01 10:48:15] 正待来时(ta的昵称:初秋,ta的id:459465782): 这吊游戏这么大

[04-01 10:48:29] .(ta的昵称:工地搬砖日结,ta的id:429728241): 在超市偷东西被抓问deep seek

[04-01 10:49:00] 甘非常(ta的id:2404304581): 正常

[04-01 10:49:00] 甘非常(ta的id:2404304581): 现在游戏都这尿性

[04-01 10:49:00] 甘非常(ta的id:2404304581): 没个大硬盘顶不住


prompt：你正在参与一个qq群聊的讨论，这个群之前在聊的内容是：
现在群里的群友们产生了新的讨论，有了新的发言，具体内容如下：[04-01 10:48:15] 正待来时(ta的昵称:初秋,ta的id:459465782): 这吊游戏这么大

[04-01 10:48:29] .(ta的昵称:工地搬砖日结,ta的id:429728241): 在超市偷东西被抓问deep seek

[04-01 10:49:00] 甘非常(ta的id:2404304581): 正常

[04-01 10:49:00] 甘非常(ta的id:2404304581): 现在游戏都这尿性

[04-01 10:49:00] 甘非常(ta的id:2404304581): 没个大硬盘顶不住


以上是群里在进行的聊天，请你对这个聊天内容进行总结，总结内容要包含聊天的大致内容，
        以及聊天中的一些重要信息，记得不要分点，不要太长，精简的概括成一段文本
总结概括：
self.observe_info：群聊中成员们讨论了游戏文件大小的问题，初秋认为游戏体积大，工地搬砖日结分享了一个荒诞的偷窃被抓的情景回应，甘非常则表示现在游戏普遍体积大，没有大硬盘可能玩不动。
chat_observe_info：群聊中成员们讨论了游戏文件大小的问题，初秋认为游戏体积大，工地搬砖日结分享了一个荒诞的偷窃被抓的情景回应，甘非常则表示现在游戏普遍体积大，没有大硬盘可能玩不动。
04-01 10:49 | 海马体 | 有效的关键词: 游戏, 初秋, 工地搬砖日结
04-01 10:49 | 海马体 | 选中记忆: 2025年3月24日晚，工地搬砖日结和荐文若在讨论游戏中一个可能存在BUG的坐骑技能，而侠菩提则提到了游戏中的一次巨额交易，展现了游戏中玩家互动和经济活动的多样面貌。 (来自节点: 游戏)
04-01 10:49 | 海马体 | 选中记忆: 2025年3月20日，群成员们讨论了游戏中的排斥现象，指出即使在虚拟世界中，个体也可能遭遇被小团体边缘化的困境。 (来自节点: 游戏)
04-01 10:49 | 海马体 | 选中记忆: 2025年3月24日，阿远和朋友们讨论中提到键盘可能是导致游戏表现问题的原因，暗示了外设对游戏体验的影响。 (来自节点: 键盘)
04-01 10:49 | 海马体 | 选中记忆: 2025年3月28日晚上，工地搬砖日结推荐了一款拥有国家补贴的星际迷航主题电竞键盘，并表示可以使用，而讨论中也提到了另一款黑峡谷gk715键盘。 (来自节点: 键盘)
04-01 10:49 | 麦麦小脑袋 | 麦麦的脑内状态：群里聊游戏体积大的话题，还真是挺普遍的，现在这游戏动不动几个G，确实得有个大硬盘才给力。工地搬砖日结那偷窃被抓的情景，听起来挺逗的，不过我这边狸花主子还在捣乱，刚才差点把我的《建筑抗震设计规范》给弄翻了。还好我反应快，不然这书要是折了，可不得了。群里这气氛挺好，大家聊得挺热闹的，不过我得赶紧给主子点吃的安抚一下，省得它再搞破坏。主子现在又开始用爪子玩书上的示意图了，还真是个捣蛋鬼。群里这会儿又聊到了《我的世界》，看来大家对游戏的看法还挺多的，我也得抽空关注一下，毕竟游戏这东西，偶尔放松放松心情，挺好。
04-01 10:49 | 心情 | [情绪状态]愉悦度: 0.00, 唤醒度: 0.50, 心情: 平静
